生成启动时间为 2017/5/16 15:48:36。
     1>项目“F:\vs2013_project\工程\Aprior\Aprior\Aprior.vcxproj”在节点 2 上(Build 个目标)。
     1>ClCompile:
         E:\vs2013\VC\bin\CL.exe /c /ZI /nologo /W3 /WX- /Od /Oy- /D WIN32 /D _DEBUG /D _CONSOLE /D _LIB /D _UNICODE /D UNICODE /Gm /EHsc /RTC1 /MDd /GS /fp:precise /Zc:wchar_t /Zc:forScope /Fo"Debug\\" /Fd"Debug\vc120.pdb" /Gd /TP /analyze- /errorReport:prompt "源.cpp"
         源.cpp
     1>f:\vs2013_project\工程\aprior\aprior\源.cpp(22): warning C4018: “<”: 有符号/无符号不匹配
     1>f:\vs2013_project\工程\aprior\aprior\源.cpp(39): warning C4018: “<”: 有符号/无符号不匹配
     1>f:\vs2013_project\工程\aprior\aprior\源.cpp(40): warning C4018: “<”: 有符号/无符号不匹配
     1>f:\vs2013_project\工程\aprior\aprior\源.cpp(60): warning C4018: “<”: 有符号/无符号不匹配
     1>f:\vs2013_project\工程\aprior\aprior\源.cpp(63): warning C4018: “<”: 有符号/无符号不匹配
     1>f:\vs2013_project\工程\aprior\aprior\源.cpp(64): warning C4018: “<”: 有符号/无符号不匹配
     1>f:\vs2013_project\工程\aprior\aprior\源.cpp(71): warning C4018: “<”: 有符号/无符号不匹配
     1>f:\vs2013_project\工程\aprior\aprior\源.cpp(77): warning C4018: “<”: 有符号/无符号不匹配
     1>f:\vs2013_project\工程\aprior\aprior\源.cpp(78): warning C4018: “<”: 有符号/无符号不匹配
     1>f:\vs2013_project\工程\aprior\aprior\源.cpp(89): warning C4018: “<”: 有符号/无符号不匹配
     1>f:\vs2013_project\工程\aprior\aprior\源.cpp(101): warning C4018: “<”: 有符号/无符号不匹配
     1>f:\vs2013_project\工程\aprior\aprior\源.cpp(102): warning C4018: “<”: 有符号/无符号不匹配
     1>f:\vs2013_project\工程\aprior\aprior\源.cpp(115): warning C4018: “<”: 有符号/无符号不匹配
     1>f:\vs2013_project\工程\aprior\aprior\源.cpp(127): warning C4018: “<”: 有符号/无符号不匹配
     1>f:\vs2013_project\工程\aprior\aprior\源.cpp(136): warning C4018: “<”: 有符号/无符号不匹配
     1>f:\vs2013_project\工程\aprior\aprior\源.cpp(149): warning C4018: “<”: 有符号/无符号不匹配
     1>f:\vs2013_project\工程\aprior\aprior\源.cpp(154): warning C4018: “<”: 有符号/无符号不匹配
       Link:
         E:\vs2013\VC\bin\link.exe /ERRORREPORT:PROMPT /OUT:"F:\vs2013_project\工程\Aprior\Debug\Aprior.exe" /INCREMENTAL /NOLOGO kernel32.lib user32.lib gdi32.lib winspool.lib comdlg32.lib advapi32.lib shell32.lib ole32.lib oleaut32.lib uuid.lib odbc32.lib odbccp32.lib /MANIFEST /MANIFESTUAC:"level='asInvoker' uiAccess='false'" /manifest:embed /DEBUG /PDB:"F:\vs2013_project\工程\Aprior\Debug\Aprior.pdb" /SUBSYSTEM:CONSOLE /TLBID:1 /DYNAMICBASE /NXCOMPAT /IMPLIB:"F:\vs2013_project\工程\Aprior\Debug\Aprior.lib" /MACHINE:X86 "Debug\源.obj"
         Aprior.vcxproj -> F:\vs2013_project\工程\Aprior\Debug\Aprior.exe
     1>已完成生成项目“F:\vs2013_project\工程\Aprior\Aprior\Aprior.vcxproj”(Build 个目标)的操作。

生成成功。

已用时间 00:00:01.04
