生成启动时间为 2018/2/3 星期六 19:23:09。
     1>项目“F:\vs2013_project\codeforce\codeforce\codeforce.vcxproj”在节点 2 上(Build 个目标)。
     1>ClCompile:
         E:\vs2013\VC\bin\CL.exe /c /ZI /nologo /W3 /WX- /Od /Oy- /D WIN32 /D _DEBUG /D _CONSOLE /D _LIB /D _UNICODE /D UNICODE /Gm /EHsc /RTC1 /MDd /GS /fp:precise /Zc:wchar_t /Zc:forScope /Fo"Debug\\" /Fd"Debug\vc120.pdb" /Gd /TP /analyze- /errorReport:prompt Tanks.cpp
         Tanks.cpp
     1>f:\vs2013_project\codeforce\codeforce\tanks.cpp(67): warning C4244: “=”: 从“LL”转换到“int”，可能丢失数据
     1>f:\vs2013_project\codeforce\codeforce\tanks.cpp(88): warning C4244: “初始化”: 从“LL”转换到“int”，可能丢失数据
     1>f:\vs2013_project\codeforce\codeforce\tanks.cpp(96): warning C4244: “=”: 从“LL”转换到“int”，可能丢失数据
     1>f:\vs2013_project\codeforce\codeforce\tanks.cpp(108): warning C4018: “<”: 有符号/无符号不匹配
     1>f:\vs2013_project\codeforce\codeforce\tanks.cpp(110): warning C4244: “参数”: 从“double”转换到“int”，可能丢失数据
     1>f:\vs2013_project\codeforce\codeforce\tanks.cpp(121): warning C4244: “参数”: 从“double”转换到“int”，可能丢失数据
     1>f:\vs2013_project\codeforce\codeforce\tanks.cpp(131): warning C4244: “参数”: 从“LL”转换到“int”，可能丢失数据
     1>f:\vs2013_project\codeforce\codeforce\tanks.cpp(137): warning C4244: “=”: 从“LL”转换到“int”，可能丢失数据
     1>f:\vs2013_project\codeforce\codeforce\tanks.cpp(147): warning C4244: “参数”: 从“LL”转换到“int”，可能丢失数据
       Link:
         E:\vs2013\VC\bin\link.exe /ERRORREPORT:PROMPT /OUT:"F:\vs2013_project\codeforce\Debug\codeforce.exe" /INCREMENTAL /NOLOGO kernel32.lib user32.lib gdi32.lib winspool.lib comdlg32.lib advapi32.lib shell32.lib ole32.lib oleaut32.lib uuid.lib odbc32.lib odbccp32.lib /MANIFEST /MANIFESTUAC:"level='asInvoker' uiAccess='false'" /manifest:embed /DEBUG /PDB:"F:\vs2013_project\codeforce\Debug\codeforce.pdb" /SUBSYSTEM:CONSOLE /TLBID:1 /DYNAMICBASE /NXCOMPAT /IMPLIB:"F:\vs2013_project\codeforce\Debug\codeforce.lib" /MACHINE:X86 Debug\Tanks.obj
         codeforce.vcxproj -> F:\vs2013_project\codeforce\Debug\codeforce.exe
     1>已完成生成项目“F:\vs2013_project\codeforce\codeforce\codeforce.vcxproj”(Build 个目标)的操作。

生成成功。

已用时间 00:00:00.91
